<?xml version="1.0" encoding="UTF-8"?>
<!-- Generated by org.testng.reporters.JUnitReportReporter -->
<testsuite hostname="MT-5CD12777KZ" failures="0" tests="1" name="healthCare.healthCare.Contact" time="21.638" errors="0" timestamp="29 Oct 2021 08:24:42 GMT" skipped="0">
  <testcase classname="healthCare.healthCare.Contact" name="contactDetail" time="21.638"/>
</testsuite> <!-- healthCare.healthCare.Contact -->
