<?xml version="1.0" encoding="UTF-8"?>
<!-- Generated by org.testng.reporters.JUnitReportReporter -->
<testsuite hostname="MT-5CD12777KZ" failures="0" tests="1" name="healthCare.healthCare.VerifyTitle" time="142.006" errors="0" timestamp="29 Oct 2021 08:24:42 GMT" skipped="0">
  <testcase classname="healthCare.healthCare.VerifyTitle" name="verifingTitle" time="142.006"/>
</testsuite> <!-- healthCare.healthCare.VerifyTitle -->
