<?xml version="1.0" encoding="UTF-8"?>
<!-- Generated by org.testng.reporters.JUnitReportReporter -->
<testsuite hostname="MT-5CD12777KZ" failures="0" tests="1" name="healthCare.healthCare.VerifyTitle" time="45.725" errors="0" timestamp="01 Nov 2021 13:55:59 GMT" skipped="0">
  <testcase classname="healthCare.healthCare.VerifyTitle" name="verifingTitle" time="45.725"/>
</testsuite> <!-- healthCare.healthCare.VerifyTitle -->
